This is pdfTeX, Version 3.1415926-2.5-1.40.14 (TeX Live 2013) (format=pdflatex 2014.6.11)  7 AUG 2014 19:32
entering extended mode
 restricted \write18 enabled.
 %&-line parsing enabled.
**thesis.tex
(./thesis.tex
LaTeX2e <2011/06/27>
Babel <3.9f> and hyphenation patterns for 78 languages loaded.
(./ce-thesis.cls
Document Class: ce-thesis 2006/06/06 v1.0e CE LaTeX thesis class
(/usr/local/texlive/2013/texmf-dist/tex/latex/koma-script/scrbook.cls
Document Class: scrbook 2012/07/29 v3.11b KOMA-Script document class (book)
(/usr/local/texlive/2013/texmf-dist/tex/latex/koma-script/scrkbase.sty
Package: scrkbase 2012/07/29 v3.11b KOMA-Script package (KOMA-Script-dependent 
basics and keyval usage)

(/usr/local/texlive/2013/texmf-dist/tex/latex/koma-script/scrbase.sty
Package: scrbase 2012/07/29 v3.11b KOMA-Script package (KOMA-Script-independent
 basics and keyval usage)

(/usr/local/texlive/2013/texmf-dist/tex/latex/graphics/keyval.sty
Package: keyval 1999/03/16 v1.13 key=value parser (DPC)
\KV@toks@=\toks14
)
(/usr/local/texlive/2013/texmf-dist/tex/latex/koma-script/scrlfile.sty
Package: scrlfile 2012/06/15 v3.12 KOMA-Script package (loading files)

Package scrlfile, 2012/06/15 v3.12 KOMA-Script package (loading files)
                  Copyright (C) Markus Kohm

))) (/usr/local/texlive/2013/texmf-dist/tex/latex/koma-script/tocbasic.sty
Package: tocbasic 2012/04/04 v3.10b KOMA-Script package (handling toc-files)
)
Package tocbasic Info: omitting babel extension for `toc'
(tocbasic)             because of feature `nobabel' available
(tocbasic)             for `toc' on input line 117.
Package tocbasic Info: omitting babel extension for `lof'
(tocbasic)             because of feature `nobabel' available
(tocbasic)             for `lof' on input line 118.
Package tocbasic Info: omitting babel extension for `lot'
(tocbasic)             because of feature `nobabel' available
(tocbasic)             for `lot' on input line 119.
Class scrbook Info: File `scrsize11pt.clo' used instead of
(scrbook)           file `scrsize11.clo' to setup font sizes on input line 1368
.

(/usr/local/texlive/2013/texmf-dist/tex/latex/koma-script/scrsize11pt.clo
File: scrsize11pt.clo 2012/07/29 v3.11b KOMA-Script font size class option (11p
t)
)
(/usr/local/texlive/2013/texmf-dist/tex/latex/koma-script/typearea.sty
Package: typearea 2012/07/29 v3.11b KOMA-Script package (type area)

Package typearea, 2012/07/29 v3.11b KOMA-Script package (type area)
                  Copyright (C) Frank Neukam, 1992-1994
                  Copyright (C) Markus Kohm, 1994-

\ta@bcor=\skip41
\ta@div=\count79
\ta@hblk=\skip42
\ta@vblk=\skip43
\ta@temp=\skip44
Package typearea Info: These are the values describing the layout:
(typearea)             DIV  = 10
(typearea)             BCOR = 0.0pt
(typearea)             \paperwidth      = 597.50793pt
(typearea)              \textwidth      = 418.25555pt
(typearea)              DIV departure   = -6%
(typearea)              \evensidemargin = 47.2316pt
(typearea)              \oddsidemargin  = -12.5192pt
(typearea)             \paperheight     = 845.04694pt
(typearea)              \textheight     = 595.80026pt
(typearea)              \topmargin      = -25.16531pt
(typearea)              \headheight     = 17.0pt
(typearea)              \headsep        = 20.40001pt
(typearea)              \topskip        = 11.0pt
(typearea)              \footskip       = 47.60002pt
(typearea)              \baselineskip   = 13.6pt
(typearea)              on input line 1213.
)
\c@part=\count80
\c@chapter=\count81
\c@section=\count82
\c@subsection=\count83
\c@subsubsection=\count84
\c@paragraph=\count85
\c@subparagraph=\count86
\abovecaptionskip=\skip45
\belowcaptionskip=\skip46
\c@pti@nb@sid@b@x=\box26
\c@figure=\count87
\c@table=\count88
\bibindent=\dimen102
) (/usr/local/texlive/2013/texmf-dist/tex/latex/listings/listings.sty
\lst@mode=\count89
\lst@gtempboxa=\box27
\lst@token=\toks15
\lst@length=\count90
\lst@currlwidth=\dimen103
\lst@column=\count91
\lst@pos=\count92
\lst@lostspace=\dimen104
\lst@width=\dimen105
\lst@newlines=\count93
\lst@lineno=\count94
\lst@maxwidth=\dimen106

(/usr/local/texlive/2013/texmf-dist/tex/latex/listings/lstmisc.sty
File: lstmisc.sty 2007/02/22 1.4 (Carsten Heinz)
\c@lstnumber=\count95
\lst@skipnumbers=\count96
\lst@framebox=\box28
)
(/usr/local/texlive/2013/texmf-dist/tex/latex/listings/listings.cfg
File: listings.cfg 2007/02/22 1.4 listings configuration
))
Package: listings 2007/02/22 1.4 (Carsten Heinz)

(/usr/local/texlive/2013/texmf-dist/tex/latex/url/url.sty
\Urlmuskip=\muskip10
Package: url 2006/04/12  ver 3.3  Verb mode for urls, etc.
))
(/usr/local/texlive/2013/texmf-dist/tex/latex/amsmath/amsmath.sty
Package: amsmath 2013/01/14 v2.14 AMS math features
\@mathmargin=\skip47

For additional information on amsmath, use the `?' option.
(/usr/local/texlive/2013/texmf-dist/tex/latex/amsmath/amstext.sty
Package: amstext 2000/06/29 v2.01

(/usr/local/texlive/2013/texmf-dist/tex/latex/amsmath/amsgen.sty
File: amsgen.sty 1999/11/30 v2.0
\@emptytoks=\toks16
\ex@=\dimen107
))
(/usr/local/texlive/2013/texmf-dist/tex/latex/amsmath/amsbsy.sty
Package: amsbsy 1999/11/29 v1.2d
\pmbraise@=\dimen108
)
(/usr/local/texlive/2013/texmf-dist/tex/latex/amsmath/amsopn.sty
Package: amsopn 1999/12/14 v2.01 operator names
)
\inf@bad=\count97
LaTeX Info: Redefining \frac on input line 210.
\uproot@=\count98
\leftroot@=\count99
LaTeX Info: Redefining \overline on input line 306.
\classnum@=\count100
\DOTSCASE@=\count101
LaTeX Info: Redefining \ldots on input line 378.
LaTeX Info: Redefining \dots on input line 381.
LaTeX Info: Redefining \cdots on input line 466.
\Mathstrutbox@=\box29
\strutbox@=\box30
\big@size=\dimen109
LaTeX Font Info:    Redeclaring font encoding OML on input line 566.
LaTeX Font Info:    Redeclaring font encoding OMS on input line 567.
\macc@depth=\count102
\c@MaxMatrixCols=\count103
\dotsspace@=\muskip11
\c@parentequation=\count104
\dspbrk@lvl=\count105
\tag@help=\toks17
\row@=\count106
\column@=\count107
\maxfields@=\count108
\andhelp@=\toks18
\eqnshift@=\dimen110
\alignsep@=\dimen111
\tagshift@=\dimen112
\tagwidth@=\dimen113
\totwidth@=\dimen114
\lineht@=\dimen115
\@envbody=\toks19
\multlinegap=\skip48
\multlinetaggap=\skip49
\mathdisplay@stack=\toks20
LaTeX Info: Redefining \[ on input line 2665.
LaTeX Info: Redefining \] on input line 2666.
)
(/usr/local/texlive/2013/texmf-dist/tex/latex/amscls/amsthm.sty
Package: amsthm 2004/08/06 v2.20
\thm@style=\toks21
\thm@bodyfont=\toks22
\thm@headfont=\toks23
\thm@notefont=\toks24
\thm@headpunct=\toks25
\thm@preskip=\skip50
\thm@postskip=\skip51
\thm@headsep=\skip52
\dth@everypar=\toks26
)
(/usr/local/texlive/2013/texmf-dist/tex/latex/amsfonts/amssymb.sty
Package: amssymb 2013/01/14 v3.01 AMS font symbols

(/usr/local/texlive/2013/texmf-dist/tex/latex/amsfonts/amsfonts.sty
Package: amsfonts 2013/01/14 v3.01 Basic AMSFonts support
\symAMSa=\mathgroup4
\symAMSb=\mathgroup5
LaTeX Font Info:    Overwriting math alphabet `\mathfrak' in version `bold'
(Font)                  U/euf/m/n --> U/euf/b/n on input line 106.
))
(/usr/local/texlive/2013/texmf-dist/tex/latex/base/inputenc.sty
Package: inputenc 2008/03/30 v1.1d Input encoding file
\inpenc@prehook=\toks27
\inpenc@posthook=\toks28

(/usr/local/texlive/2013/texmf-dist/tex/latex/base/latin1.def
File: latin1.def 2008/03/30 v1.1d Input encoding file
))
(/usr/local/texlive/2013/texmf-dist/tex/latex/program/program.sty
\@gtempa=\dimen116
\@gtempa=\dimen117
\@gtempa=\dimen118
\@gtempa=\dimen119
\@gtempa=\dimen120
\@gtempa=\dimen121
\@gtempa=\dimen122
\@gtempa=\dimen123
\@gtempa=\dimen124
\@gtempa=\dimen125
\@gtempa=\dimen126
\@gtempa=\dimen127
\@gtempa=\dimen128
\@gtempa=\dimen129
\@gtempa=\dimen130
\@gtempa=\dimen131
\@gtempa=\dimen132
\@gtempa=\dimen133
\@gtempa=\dimen134
\@gtempa=\dimen135
\@gtempa=\dimen136
\@gtempa=\dimen137
\@gtempa=\dimen138
\@gtempa=\dimen139
\@gtempa=\dimen140
\@gtempa=\dimen141
\@gtempa=\dimen142
\@gtempa=\dimen143
\@gtempa=\dimen144
\@gtempa=\dimen145
\@gtempa=\dimen146
\@gtempa=\dimen147
\@gtempa=\dimen148
\@gtempa=\dimen149
\@gtempa=\dimen150
\@gtempa=\dimen151
\@gtempa=\dimen152
\@gtempa=\dimen153
\@gtempa=\dimen154
\@gtempa=\dimen155
\@gtempa=\dimen156
\@gtempa=\dimen157
\@gtempa=\dimen158
\@gtempa=\dimen159
\@gtempa=\dimen160
\@gtempa=\dimen161
\@gtempa=\dimen162
\@gtempa=\dimen163
\@gtempa=\dimen164
\@gtempa=\dimen165
\c@programline=\count109
\old@nxttabmar=\count110
\symeulerletters=\mathgroup6
\powersetbox=\box31
LaTeX Font Info:    Try loading font information for U+msa on input line 839.

(/usr/local/texlive/2013/texmf-dist/tex/latex/amsfonts/umsa.fd
File: umsa.fd 2013/01/14 v3.01 AMS symbols A
)
LaTeX Font Info:    Try loading font information for U+msb on input line 839.

(/usr/local/texlive/2013/texmf-dist/tex/latex/amsfonts/umsb.fd
File: umsb.fd 2013/01/14 v3.01 AMS symbols B
)
LaTeX Font Info:    Try loading font information for U+eur on input line 839.

(/usr/local/texlive/2013/texmf-dist/tex/latex/amsfonts/ueur.fd
File: ueur.fd 2013/01/14 v3.01 Euler Roman
))
(/usr/local/texlive/2013/texmf-dist/tex/latex/jknapltx/mathrsfs.sty
Package: mathrsfs 1996/01/01 Math RSFS package v1.0 (jk)
\symrsfs=\mathgroup7
)
(/usr/local/texlive/2013/texmf-dist/tex/latex/algorithm2e/algorithm2e.sty
Package: algorithm2e 2013/01/06 v5.00 algorithms environments
\c@AlgoLine=\count111

(/usr/local/texlive/2013/texmf-dist/tex/latex/base/ifthen.sty
Package: ifthen 2001/05/26 v1.1c Standard LaTeX ifthen package (DPC)
)
(/usr/local/texlive/2013/texmf-dist/tex/latex/tools/xspace.sty
Package: xspace 2009/10/20 v1.13 Space after command names (DPC,MH)
)
(/usr/local/texlive/2013/texmf-dist/tex/latex/relsize/relsize.sty
Package: relsize 2013/03/29 ver 4.1
)
********************************************************
Package `algorithm2e' Release 5.0 -- january 06 2013 --
- algorithm2e-announce@lirmm.fr mailing list for announcement about releases
- algorithm2e-discussion@lirmm.fr mailing list for discussion about package
subscribe by emailing sympa@lirmm.fr with 'subscribe <list> <firstname name>'
- Author: Christophe Fiorio (cfiorio@um2.fr)
********************************************************
\skiptotal=\skip53
\skiplinenumber=\skip54
\skiprule=\skip55
\skiphlne=\skip56
\skiptext=\skip57
\skiplength=\skip58
\algomargin=\skip59
\skipalgocfslide=\skip60
\algowidth=\dimen166
\inoutsize=\dimen167
\inoutindent=\dimen168
\interspacetitleruled=\dimen169
\interspacealgoruled=\dimen170
\interspacetitleboxruled=\dimen171
\algocf@inoutbox=\box32
\algocf@inputbox=\box33
\AlCapSkip=\skip61
\AlCapHSkip=\skip62
\algoskipindent=\skip63
\algocf@nlbox=\box34
\algocf@hangingbox=\box35
\algocf@untilbox=\box36
\algocf@skipuntil=\skip64
\algocf@capbox=\box37
\algoheightruledefault=\skip65
\algoheightrule=\skip66
\algotitleheightruledefault=\skip67
\algotitleheightrule=\skip68
\c@algocfline=\count112
\c@algocfproc=\count113
\c@algocf=\count114
\algocf@algoframe=\box38
\algocf@algobox=\box39
) (/usr/local/texlive/2013/texmf-dist/tex/latex/fancyvrb/fancyvrb.sty
Package: fancyvrb 2008/02/07

Style option: `fancyvrb' v2.7a, with DG/SPQR fixes, and firstline=lastline fix 
<2008/02/07> (tvz)
\FV@CodeLineNo=\count115
\FV@InFile=\read1
\FV@TabBox=\box40
\c@FancyVerbLine=\count116
\FV@StepNumber=\count117
\FV@OutFile=\write3
)
(/usr/local/texlive/2013/texmf-dist/tex/latex/fancyhdr/fancyhdr.sty
\fancy@headwidth=\skip69
\f@ncyO@elh=\skip70
\f@ncyO@erh=\skip71
\f@ncyO@olh=\skip72
\f@ncyO@orh=\skip73
\f@ncyO@elf=\skip74
\f@ncyO@erf=\skip75
\f@ncyO@olf=\skip76
\f@ncyO@orf=\skip77
)
(/usr/local/texlive/2013/texmf-dist/tex/latex/graphics/graphicx.sty
Package: graphicx 1999/02/16 v1.0f Enhanced LaTeX Graphics (DPC,SPQR)

(/usr/local/texlive/2013/texmf-dist/tex/latex/graphics/graphics.sty
Package: graphics 2009/02/05 v1.0o Standard LaTeX Graphics (DPC,SPQR)

(/usr/local/texlive/2013/texmf-dist/tex/latex/graphics/trig.sty
Package: trig 1999/03/16 v1.09 sin cos tan (DPC)
)
(/usr/local/texlive/2013/texmf-dist/tex/latex/latexconfig/graphics.cfg
File: graphics.cfg 2010/04/23 v1.9 graphics configuration of TeX Live
)
Package graphics Info: Driver file: pdftex.def on input line 91.

(/usr/local/texlive/2013/texmf-dist/tex/latex/pdftex-def/pdftex.def
File: pdftex.def 2011/05/27 v0.06d Graphics/color for pdfTeX

(/usr/local/texlive/2013/texmf-dist/tex/generic/oberdiek/infwarerr.sty
Package: infwarerr 2010/04/08 v1.3 Providing info/warning/error messages (HO)
)
(/usr/local/texlive/2013/texmf-dist/tex/generic/oberdiek/ltxcmds.sty
Package: ltxcmds 2011/11/09 v1.22 LaTeX kernel commands for general use (HO)
)
\Gread@gobject=\count118
))
\Gin@req@height=\dimen172
\Gin@req@width=\dimen173
)
(./thesis.aux

LaTeX Warning: Label `f:simplegraph' multiply defined.

)
\openout1 = `thesis.aux'.

LaTeX Font Info:    Checking defaults for OML/cmm/m/it on input line 25.
LaTeX Font Info:    ... okay on input line 25.
LaTeX Font Info:    Checking defaults for T1/cmr/m/n on input line 25.
LaTeX Font Info:    ... okay on input line 25.
LaTeX Font Info:    Checking defaults for OT1/cmr/m/n on input line 25.
LaTeX Font Info:    ... okay on input line 25.
LaTeX Font Info:    Checking defaults for OMS/cmsy/m/n on input line 25.
LaTeX Font Info:    ... okay on input line 25.
LaTeX Font Info:    Checking defaults for OMX/cmex/m/n on input line 25.
LaTeX Font Info:    ... okay on input line 25.
LaTeX Font Info:    Checking defaults for U/cmr/m/n on input line 25.
LaTeX Font Info:    ... okay on input line 25.
\c@lstlisting=\count119
 (/usr/local/texlive/2013/texmf-dist/tex/context/base/supp-pdf.mkii
[Loading MPS to PDF converter (version 2006.09.02).]
\scratchcounter=\count120
\scratchdimen=\dimen174
\scratchbox=\box41
\nofMPsegments=\count121
\nofMParguments=\count122
\everyMPshowfont=\toks29
\MPscratchCnt=\count123
\MPscratchDim=\dimen175
\MPnumerator=\count124
\makeMPintoPDFobject=\count125
\everyMPtoPDFconversion=\toks30
) (/usr/local/texlive/2013/texmf-dist/tex/generic/oberdiek/pdftexcmds.sty
Package: pdftexcmds 2011/11/29 v0.20 Utility functions of pdfTeX for LuaTeX (HO
)

(/usr/local/texlive/2013/texmf-dist/tex/generic/oberdiek/ifluatex.sty
Package: ifluatex 2010/03/01 v1.3 Provides the ifluatex switch (HO)
Package ifluatex Info: LuaTeX not detected.
)
(/usr/local/texlive/2013/texmf-dist/tex/generic/oberdiek/ifpdf.sty
Package: ifpdf 2011/01/30 v2.3 Provides the ifpdf switch (HO)
Package ifpdf Info: pdfTeX in PDF mode is detected.
)
Package pdftexcmds Info: LuaTeX not detected.
Package pdftexcmds Info: \pdf@primitive is available.
Package pdftexcmds Info: \pdf@ifprimitive is available.
Package pdftexcmds Info: \pdfdraftmode found.
)
(/usr/local/texlive/2013/texmf-dist/tex/latex/oberdiek/epstopdf-base.sty
Package: epstopdf-base 2010/02/09 v2.5 Base part for package epstopdf

(/usr/local/texlive/2013/texmf-dist/tex/latex/oberdiek/grfext.sty
Package: grfext 2010/08/19 v1.1 Manage graphics extensions (HO)

(/usr/local/texlive/2013/texmf-dist/tex/generic/oberdiek/kvdefinekeys.sty
Package: kvdefinekeys 2011/04/07 v1.3 Define keys (HO)
))
(/usr/local/texlive/2013/texmf-dist/tex/latex/oberdiek/kvoptions.sty
Package: kvoptions 2011/06/30 v3.11 Key value format for package options (HO)

(/usr/local/texlive/2013/texmf-dist/tex/generic/oberdiek/kvsetkeys.sty
Package: kvsetkeys 2012/04/25 v1.16 Key value parser (HO)

(/usr/local/texlive/2013/texmf-dist/tex/generic/oberdiek/etexcmds.sty
Package: etexcmds 2011/02/16 v1.5 Avoid name clashes with e-TeX commands (HO)
Package etexcmds Info: Could not find \expanded.
(etexcmds)             That can mean that you are not using pdfTeX 1.50 or
(etexcmds)             that some package has redefined \expanded.
(etexcmds)             In the latter case, load this package earlier.
)))
Package grfext Info: Graphics extension search list:
(grfext)             [.png,.pdf,.jpg,.mps,.jpeg,.jbig2,.jb2,.PNG,.PDF,.JPG,.JPE
G,.JBIG2,.JB2,.eps]
(grfext)             \AppendGraphicsExtensions on input line 452.

(/usr/local/texlive/2013/texmf-dist/tex/latex/latexconfig/epstopdf-sys.cfg
File: epstopdf-sys.cfg 2010/07/13 v1.3 Configuration of (r)epstopdf for TeX Liv
e
))
(./section-title/title.tex
Underfull \hbox (badness 10000) in paragraph at lines 37--37

 []

<./section-title/figures/uzh_logo_e_pos.pdf, id=1, 154.5775pt x 49.18375pt>
File: ./section-title/figures/uzh_logo_e_pos.pdf Graphic file (type pdf)

<use ./section-title/figures/uzh_logo_e_pos.pdf>
Package pdftex.def Info: ./section-title/figures/uzh_logo_e_pos.pdf used on inp
ut line 42.
(pdftex.def)             Requested size: 250.40234pt x 79.6678pt.

Overfull \hbox (47.93617pt too wide) in paragraph at lines 64--65
[][] 
 []

[1





{/usr/local/texlive/2013/texmf-var/fonts/map/pdftex/updmap/pdftex.map} <./secti
on-title/figures/uzh_logo_e_pos.pdf>])
(./section-acknowledgements/acknowledgements.tex [2



]
LaTeX Font Info:    Try loading font information for OT1+pfr on input line 1.
LaTeX Font Info:    No file OT1pfr.fd. on input line 1.


LaTeX Font Warning: Font shape `OT1/pfr/m/n' undefined
(Font)              using `OT1/cmr/m/n' instead on input line 1.


LaTeX Font Warning: Font shape `OT1/cmr/m/n' in size <32> not available
(Font)              size <24.88> substituted on input line 1.


LaTeX Font Warning: Font shape `OT1/pfr/bx/n' undefined
(Font)              using `OT1/pfr/m/n' instead on input line 1.


LaTeX Font Warning: Font shape `OT1/pfr/m/n' in size <32> not available
(Font)              size <24.88> substituted on input line 1.

) (./section-abstract/abstract.tex [3] [4



]

LaTeX Font Warning: Font shape `OT1/pfr/bx/n' in size <32> not available
(Font)              size <24.88> substituted on input line 1.

) [5] [6



] (./thesis.toc
LaTeX Font Info:    Try loading font information for U+rsfs on input line 3.

(/usr/local/texlive/2013/texmf-dist/tex/latex/jknapltx/ursfs.fd
File: ursfs.fd 1998/03/24 rsfs font definition file (jk)
) [7])
\tf@toc=\write4
\openout4 = `thesis.toc'.

 [8]
(./1-introduction/introduction.tex
Chapter 1.

LaTeX Font Warning: Font shape `OT1/pfr/m/n' in size <72> not available
(Font)              size <24.88> substituted on input line 1.


LaTeX Font Warning: Font shape `OT1/pfr/bx/n' in size <72> not available
(Font)              size <24.88> substituted on input line 1.

) (./2-recommendersystemssocialnetworks/recommendersystemssocialnetworks.tex
[1





] [2]
Chapter 2.

Underfull \hbox (badness 10000) in paragraph at lines 7--9

 []

[3



]
Overfull \hbox (45.6194pt too wide) in paragraph at lines 10--11
\OT1/pfr/m/n/10.95 er-ate in, there ex-ist many dif-fer-ent ap-proaches and rec
-om-men-da-tion tech-niques. [[]]
 []

[4]
Underfull \hbox (badness 10000) in paragraph at lines 37--39

 []

[5]
Underfull \hbox (badness 10000) in paragraph at lines 47--49

 []


Underfull \hbox (badness 10000) in paragraph at lines 57--59

 []


Underfull \hbox (badness 10000) in paragraph at lines 63--65

 []


Underfull \hbox (badness 10000) in paragraph at lines 71--73

 []

[6]
Underfull \hbox (badness 10000) in paragraph at lines 79--81

 []

[7]
<./2-recommendersystemssocialnetworks/figures/SampleGraph.png, id=70, 269.005pt
 x 217.81375pt>
File: ./2-recommendersystemssocialnetworks/figures/SampleGraph.png Graphic file
 (type png)

<use ./2-recommendersystemssocialnetworks/figures/SampleGraph.png>
Package pdftex.def Info: ./2-recommendersystemssocialnetworks/figures/SampleGra
ph.png used on input line 107.
(pdftex.def)             Requested size: 150.56305pt x 121.91171pt.

Overfull \hbox (8.29927pt too wide) in paragraph at lines 107--109
[][]
 []


<./2-recommendersystemssocialnetworks/figures/SampleGraph2.png, id=72, 254.9525
pt x 218.8175pt>
File: ./2-recommendersystemssocialnetworks/figures/SampleGraph2.png Graphic fil
e (type png)

<use ./2-recommendersystemssocialnetworks/figures/SampleGraph2.png>
Package pdftex.def Info: ./2-recommendersystemssocialnetworks/figures/SampleGra
ph2.png used on input line 111.
(pdftex.def)             Requested size: 150.56305pt x 129.22807pt.

Overfull \hbox (8.29927pt too wide) in paragraph at lines 111--113
[][]
 []


Underfull \hbox (badness 10000) in paragraph at lines 121--123

 []


Underfull \vbox (badness 6332) has occurred while \output is active []

 [8 <./2-recommendersystemssocialnetworks/figures/SampleGraph.png> <./2-recomme
ndersystemssocialnetworks/figures/SampleGraph2.png>]
Underfull \hbox (badness 10000) in paragraph at lines 124--126

 []


Underfull \hbox (badness 10000) in paragraph at lines 127--129

 []


Underfull \hbox (badness 10000) in paragraph at lines 130--132

 []


Underfull \hbox (badness 10000) in paragraph at lines 135--137

 []


Underfull \hbox (badness 10000) in paragraph at lines 138--140

 []


Underfull \vbox (badness 1137) has occurred while \output is active []

 [9]
Underfull \hbox (badness 10000) in paragraph at lines 153--155

 []


Underfull \hbox (badness 10000) in paragraph at lines 158--160

 []


Overfull \hbox (44.43315pt too wide) in paragraph at lines 161--163
\OT1/pfr/bx/n/10.95 nomenon. This phe-nomenon was first stud-ied by [[]] and [[
]]
 []


Underfull \hbox (badness 10000) in paragraph at lines 161--163

 []

[10] [11]) (./3-artificialdata/artificialdata.tex [12]
Chapter 3.

Overfull \hbox (26.98923pt too wide) in paragraph at lines 5--6
\OT1/pfr/bx/n/10.95 mender al-go-rithms with the help of real-world data. Ex-am
-ples in-clude [[]]
 []


LaTeX Warning: Reference `st:graphproperties' on page 13 undefined on input lin
e 8.

[13



] [14] [15] [16]
<./3-artificialdata/figures/FrequencyOfRatings_Lastfm.png, id=103, 648.4225pt x
 370.38374pt>
File: ./3-artificialdata/figures/FrequencyOfRatings_Lastfm.png Graphic file (ty
pe png)
 <use ./3-artificialdata/figures/FrequencyOfRatings_Lastfm.png>
Package pdftex.def Info: ./3-artificialdata/figures/FrequencyOfRatings_Lastfm.p
ng used on input line 69.
(pdftex.def)             Requested size: 326.21994pt x 186.33868pt.

[17 <./3-artificialdata/figures/FrequencyOfRatings_Lastfm.png>])
(./4-experiments/experiments.tex [18]
Chapter 4.
[19



]
Underfull \hbox (badness 10000) in paragraph at lines 23--25

 []

[20]
<./4-experiments/figures/USERBASED_N_V4.png, id=118, 903.375pt x 516.93124pt>
File: ./4-experiments/figures/USERBASED_N_V4.png Graphic file (type png)

<use ./4-experiments/figures/USERBASED_N_V4.png>
Package pdftex.def Info: ./4-experiments/figures/USERBASED_N_V4.png used on inp
ut line 56.
(pdftex.def)             Requested size: 401.50146pt x 229.75366pt.

<./4-experiments/figures/USERBASED_T_V4.png, id=119, 903.375pt x 516.93124pt>
File: ./4-experiments/figures/USERBASED_T_V4.png Graphic file (type png)

<use ./4-experiments/figures/USERBASED_T_V4.png>
Package pdftex.def Info: ./4-experiments/figures/USERBASED_T_V4.png used on inp
ut line 62.
(pdftex.def)             Requested size: 401.50146pt x 229.75366pt.
 [21]
Underfull \vbox (badness 1924) has occurred while \output is active []

 [22 <./4-experiments/figures/USERBASED_N_V4.png> <./4-experiments/figures/USER
BASED_T_V4.png>] [23]
<./4-experiments/figures/SOCIALUSERBASED_V3.png, id=132, 903.375pt x 516.93124p
t>
File: ./4-experiments/figures/SOCIALUSERBASED_V3.png Graphic file (type png)
 <use ./4-experiments/figures/SOCIALUSERBASED_V3.png>
Package pdftex.def Info: ./4-experiments/figures/SOCIALUSERBASED_V3.png used on
 input line 83.
(pdftex.def)             Requested size: 401.50146pt x 229.75366pt.


LaTeX Warning: Reference `experiment 1' on page 24 undefined on input line 90.


Underfull \hbox (badness 10000) in paragraph at lines 90--92

 []

[24 <./4-experiments/figures/SOCIALUSERBASED_V3.png>]
Overfull \hbox (46.26697pt too wide) in paragraph at lines 120--129
 [] 
 []


LaTeX Warning: `h' float specifier changed to `ht'.


Underfull \hbox (badness 10000) in paragraph at lines 136--138

 []

[25] [26]
<./4-experiments/figures/Result2_50_066_033_033.png, id=143, 638.385pt x 323.20
75pt>
File: ./4-experiments/figures/Result2_50_066_033_033.png Graphic file (type png
)
 <use ./4-experiments/figures/Result2_50_066_033_033.png>
Package pdftex.def Info: ./4-experiments/figures/Result2_50_066_033_033.png use
d on input line 148.
(pdftex.def)             Requested size: 401.50146pt x 203.27658pt.

<./4-experiments/figures/Result2_100_00_033_033.png, id=144, 648.4225pt x 367.3
725pt>
File: ./4-experiments/figures/Result2_100_00_033_033.png Graphic file (type png
)
 <use ./4-experiments/figures/Result2_100_00_033_033.png>
Package pdftex.def Info: ./4-experiments/figures/Result2_100_00_033_033.png use
d on input line 154.
(pdftex.def)             Requested size: 401.50146pt x 227.47708pt.


LaTeX Warning: `!h' float specifier changed to `!ht'.


Underfull \hbox (badness 10000) in paragraph at lines 160--162

 []

[27 <./4-experiments/figures/Result2_50_066_033_033.png>] [28 <./4-experiments/
figures/Result2_100_00_033_033.png>]
<./4-experiments/figures/InfluencerSimilarities_2.png, id=153, 648.4225pt x 371
.3875pt>
File: ./4-experiments/figures/InfluencerSimilarities_2.png Graphic file (type p
ng)
 <use ./4-experiments/figures/InfluencerSimilarities_2.png>
Package pdftex.def Info: ./4-experiments/figures/InfluencerSimilarities_2.png u
sed on input line 177.
(pdftex.def)             Requested size: 401.50146pt x 229.96318pt.

Underfull \hbox (badness 10000) in paragraph at lines 185--187

 []

[29 <./4-experiments/figures/InfluencerSimilarities_2.png>]
<./4-experiments/figures/UserErrors.png, id=159, 648.4225pt x 371.3875pt>
File: ./4-experiments/figures/UserErrors.png Graphic file (type png)

<use ./4-experiments/figures/UserErrors.png>
Package pdftex.def Info: ./4-experiments/figures/UserErrors.png used on input l
ine 191.
(pdftex.def)             Requested size: 401.50146pt x 229.96318pt.
) (./5-conclusion/conclusion.tex
[30 <./4-experiments/figures/UserErrors.png>] [31] [32



]
Chapter 5.
) (./thesis.bbl [33] [34



] [35] [36]) (./section-appendix/appendix.tex [37]
[38



]
Appendix A.

Underfull \hbox (badness 10000) in paragraph at lines 5--7

 []


Underfull \hbox (badness 10000) in paragraph at lines 8--10

 []


Underfull \hbox (badness 10000) in paragraph at lines 20--23

 []


Underfull \hbox (badness 10000) in paragraph at lines 20--23

 []

) [39] [40


] (./thesis.lof)
\tf@lof=\write5
\openout5 = `thesis.lof'.

 [41




] [42




] (./thesis.lot)
\tf@lot=\write6
\openout6 = `thesis.lot'.

 [43] (./thesis.aux)

LaTeX Font Warning: Size substitutions with differences
(Font)              up to 47.12pt have occurred.


LaTeX Font Warning: Some font shapes were not available, defaults substituted.


LaTeX Warning: There were undefined references.


LaTeX Warning: There were multiply-defined labels.

 ) 
Here is how much of TeX's memory you used:
 7703 strings out of 493315
 112470 string characters out of 6137904
 226839 words of memory out of 5000000
 10977 multiletter control sequences out of 15000+600000
 17215 words of font info for 67 fonts, out of 8000000 for 9000
 957 hyphenation exceptions out of 8191
 46i,14n,47p,1781b,360s stack positions out of 5000i,500n,10000p,200000b,80000s
</usr/local/texlive/2013/texmf-dist/fonts/type1/public/amsfonts/cm/cmbx10.pfb
></usr/local/texlive/2013/texmf-dist/fonts/type1/public/amsfonts/cm/cmex10.pfb>
</usr/local/texlive/2013/texmf-dist/fonts/type1/public/amsfonts/cm/cmmi10.pfb><
/usr/local/texlive/2013/texmf-dist/fonts/type1/public/amsfonts/cm/cmmi6.pfb></u
sr/local/texlive/2013/texmf-dist/fonts/type1/public/amsfonts/cm/cmmi8.pfb></usr
/local/texlive/2013/texmf-dist/fonts/type1/public/amsfonts/cm/cmr10.pfb></usr/l
ocal/texlive/2013/texmf-dist/fonts/type1/public/amsfonts/cm/cmr12.pfb></usr/loc
al/texlive/2013/texmf-dist/fonts/type1/public/amsfonts/cm/cmr17.pfb></usr/local
/texlive/2013/texmf-dist/fonts/type1/public/amsfonts/cm/cmr8.pfb></usr/local/te
xlive/2013/texmf-dist/fonts/type1/public/amsfonts/cm/cmss10.pfb></usr/local/tex
live/2013/texmf-dist/fonts/type1/public/amsfonts/cm/cmssbx10.pfb></usr/local/te
xlive/2013/texmf-dist/fonts/type1/public/amsfonts/cm/cmsy10.pfb></usr/local/tex
live/2013/texmf-dist/fonts/type1/public/amsfonts/cm/cmsy6.pfb></usr/local/texli
ve/2013/texmf-dist/fonts/type1/public/amsfonts/cm/cmsy8.pfb></usr/local/texlive
/2013/texmf-dist/fonts/type1/public/amsfonts/cm/cmti10.pfb>
Output written on thesis.pdf (51 pages, 563108 bytes).
PDF statistics:
 256 PDF objects out of 1000 (max. 8388607)
 164 compressed objects within 2 object streams
 0 named destinations out of 1000 (max. 500000)
 56 words of extra memory for PDF output out of 10000 (max. 10000000)

